CapBase is fe900000,OpBase is fe900020
----------------------------Stop-------------------------------------
00000010  00000000
00000010  00000000
00000011  00000001
00000011  00000001
00000011  00000001
00000011  00000001
00000011  00000001
00000011  00000001
00000011  00000001
00000011  00000001
00000011  00000001
00000011  00000001
00000011  00000001
00000011  00000001
00000011  00000001
00000011  00000001
00000011  00000001
00000011  00000001
00000011  00000001
00000011  00000001
00000011  00000001
00000011  00000001
00000011  00000001
00000011  00000001
00000011  00000001
00000011  00000001
00000011  00000001
00000011  00000001
00000011  00000001
00000011  00000001
00000011  00000001
00000011  00000001
00000011  00000001
00000011  00000001
00000011  00000001
00000011  00000001
00000011  00000001
00000011  00000001
00000011  00000001
00000011  00000001
00000011  00000001
00000011  00000001
00000011  00000001
00000011  00000001
00000011  00000001
00000011  00000001
00000011  00000001
00000011  00000001
00000011  00000001
00000011  00000001
00000011  00000001
00000011  00000001
00000011  00000001
00000011  00000001
00000011  00000001
00000011  00000001
00000011  00000001
00000011  00000001
00000011  00000001
00000011  00000001
00000011  00000001
00000011  00000001
00000011  00000001
00000011  00000001
00000011  00000001
00000011  00000001
00000011  00000001
00000011  00000001
00000011  00000001
00000011  00000001
00000011  00000001
00000011  00000001
00000011  00000001
00000011  00000001
00000011  00000001
00000011  00000001
00000011  00000001
00000011  00000001
00000011  00000001
00000011  00000001
00000011  00000001
00000011  00000001
00000011  00000001
00000011  00000001
00000011  00000001
00000011  00000001
00000011  00000001
00000011  00000001
00000011  00000001
00000011  00000001
00000011  00000001
00000011  00000001
00000011  00000001
00000011  00000001
00000011  00000001
00000011  00000001
00000011  00000001
00000011  00000001
00000011  00000001
00000011  00000001
----------------------------Stop-------------------------------------
MaxSlots is 32,MaxsPorts is 4
Read 0x18 cmd is 0
In disOpBase is fe900020 
port 0 :  000002e0 No USB device connected.
port 1 :  000002a0 No USB device connected.
port 2 :  000002a0 No USB device connected.
port 3 :  000002a0 No USB device connected.
connectPort is ff
CapBase is fe800000,OpBase is fe800020
----------------------------Stop-------------------------------------
00000000  00000000
00000000  00000000
00000000  00000000
00000001  00000001
00000001  00000001
00000001  00000001
00000001  00000001
00000001  00000001
00000001  00000001
00000001  00000001
00000001  00000001
00000001  00000001
00000001  00000001
00000001  00000001
00000001  00000001
00000001  00000001
00000001  00000001
00000001  00000001
00000001  00000001
00000001  00000001
00000001  00000001
00000001  00000001
00000001  00000001
00000001  00000001
00000001  00000001
00000001  00000001
00000001  00000001
00000001  00000001
00000001  00000001
00000001  00000001
00000001  00000001
00000001  00000001
00000001  00000001
00000001  00000001
00000001  00000001
00000001  00000001
00000001  00000001
00000001  00000001
00000001  00000001
00000001  00000001
00000001  00000001
00000001  00000001
00000001  00000001
00000001  00000001
00000001  00000001
00000001  00000001
00000001  00000001
00000001  00000001
00000001  00000001
00000001  00000001
00000001  00000001
00000001  00000001
00000001  00000001
00000001  00000001
00000001  00000001
00000001  00000001
00000001  00000001
00000001  00000001
00000001  00000001
00000001  00000001
00000001  00000001
00000001  00000001
00000001  00000001
00000001  00000001
00000001  00000001
00000001  00000001
00000001  00000001
00000001  00000001
00000001  00000001
00000001  00000001
00000001  00000001
00000001  00000001
00000001  00000001
00000001  00000001
00000001  00000001
00000001  00000001
00000001  00000001
00000001  00000001
00000001  00000001
00000001  00000001
00000001  00000001
00000001  00000001
00000001  00000001
00000001  00000001
00000001  00000001
00000001  00000001
00000001  00000001
00000001  00000001
00000001  00000001
00000001  00000001
00000001  00000001
00000001  00000001
00000001  00000001
00000001  00000001
00000001  00000001
00000001  00000001
00000001  00000001
00000001  00000001
00000001  00000001
00000001  00000001
----------------------------Stop-------------------------------------
MaxSlots is 32,MaxsPorts is 4
Read 0x18 cmd is 0
In disOpBase is fe800020 
port 0 :  000002a0 No USB device connected.
port 1 :  000002a0 No USB device connected.
port 2 :  000002a0 No USB device connected.
port 3 :  000002a0 No USB device connected.
connectPort is ff
